<?xml version="1.0" encoding="UTF-8"?>
<testsuite xmlns:xsi="http://www.w3.org/2001/XMLSchema-instance" xsi:noNamespaceSchemaLocation="https://maven.apache.org/surefire/maven-surefire-plugin/xsd/surefire-test-report.xsd" name="com.itheima.Springboot04ProfileApplicationTests" time="2.212" tests="1" errors="0" skipped="0" failures="0">
  <properties>
    <property name="sun.desktop" value="windows"/>
    <property name="awt.toolkit" value="sun.awt.windows.WToolkit"/>
    <property name="file.encoding.pkg" value="sun.io"/>
    <property name="java.specification.version" value="1.8"/>
    <property name="sun.cpu.isalist" value="amd64"/>
    <property name="sun.jnu.encoding" value="GBK"/>
    <property name="java.class.path" value="D:\code\Spring\day07\springboot_04_profile\target\test-classes;D:\code\Spring\day07\springboot_04_profile\target\classes;D:\apache-maven-3.6.3\mvn-resp\org\springframework\boot\spring-boot-starter-web\2.5.0\spring-boot-starter-web-2.5.0.jar;D:\apache-maven-3.6.3\mvn-resp\org\springframework\boot\spring-boot-starter\2.5.0\spring-boot-starter-2.5.0.jar;D:\apache-maven-3.6.3\mvn-resp\org\springframework\boot\spring-boot\2.5.0\spring-boot-2.5.0.jar;D:\apache-maven-3.6.3\mvn-resp\org\springframework\boot\spring-boot-autoconfigure\2.5.0\spring-boot-autoconfigure-2.5.0.jar;D:\apache-maven-3.6.3\mvn-resp\org\springframework\boot\spring-boot-starter-logging\2.5.0\spring-boot-starter-logging-2.5.0.jar;D:\apache-maven-3.6.3\mvn-resp\ch\qos\logback\logback-classic\1.2.3\logback-classic-1.2.3.jar;D:\apache-maven-3.6.3\mvn-resp\ch\qos\logback\logback-core\1.2.3\logback-core-1.2.3.jar;D:\apache-maven-3.6.3\mvn-resp\org\apache\logging\log4j\log4j-to-slf4j\2.14.1\log4j-to-slf4j-2.14.1.jar;D:\apache-maven-3.6.3\mvn-resp\org\apache\logging\log4j\log4j-api\2.14.1\log4j-api-2.14.1.jar;D:\apache-maven-3.6.3\mvn-resp\org\slf4j\jul-to-slf4j\1.7.30\jul-to-slf4j-1.7.30.jar;D:\apache-maven-3.6.3\mvn-resp\jakarta\annotation\jakarta.annotation-api\1.3.5\jakarta.annotation-api-1.3.5.jar;D:\apache-maven-3.6.3\mvn-resp\org\yaml\snakeyaml\1.28\snakeyaml-1.28.jar;D:\apache-maven-3.6.3\mvn-resp\org\springframework\boot\spring-boot-starter-json\2.5.0\spring-boot-starter-json-2.5.0.jar;D:\apache-maven-3.6.3\mvn-resp\com\fasterxml\jackson\core\jackson-databind\2.12.3\jackson-databind-2.12.3.jar;D:\apache-maven-3.6.3\mvn-resp\com\fasterxml\jackson\core\jackson-annotations\2.12.3\jackson-annotations-2.12.3.jar;D:\apache-maven-3.6.3\mvn-resp\com\fasterxml\jackson\core\jackson-core\2.12.3\jackson-core-2.12.3.jar;D:\apache-maven-3.6.3\mvn-resp\com\fasterxml\jackson\datatype\jackson-datatype-jdk8\2.12.3\jackson-datatype-jdk8-2.12.3.jar;D:\apache-maven-3.6.3\mvn-resp\com\fasterxml\jackson\datatype\jackson-datatype-jsr310\2.12.3\jackson-datatype-jsr310-2.12.3.jar;D:\apache-maven-3.6.3\mvn-resp\com\fasterxml\jackson\module\jackson-module-parameter-names\2.12.3\jackson-module-parameter-names-2.12.3.jar;D:\apache-maven-3.6.3\mvn-resp\org\springframework\boot\spring-boot-starter-tomcat\2.5.0\spring-boot-starter-tomcat-2.5.0.jar;D:\apache-maven-3.6.3\mvn-resp\org\apache\tomcat\embed\tomcat-embed-core\9.0.46\tomcat-embed-core-9.0.46.jar;D:\apache-maven-3.6.3\mvn-resp\org\apache\tomcat\embed\tomcat-embed-el\9.0.46\tomcat-embed-el-9.0.46.jar;D:\apache-maven-3.6.3\mvn-resp\org\apache\tomcat\embed\tomcat-embed-websocket\9.0.46\tomcat-embed-websocket-9.0.46.jar;D:\apache-maven-3.6.3\mvn-resp\org\springframework\spring-web\5.3.7\spring-web-5.3.7.jar;D:\apache-maven-3.6.3\mvn-resp\org\springframework\spring-beans\5.3.7\spring-beans-5.3.7.jar;D:\apache-maven-3.6.3\mvn-resp\org\springframework\spring-webmvc\5.3.7\spring-webmvc-5.3.7.jar;D:\apache-maven-3.6.3\mvn-resp\org\springframework\spring-aop\5.3.7\spring-aop-5.3.7.jar;D:\apache-maven-3.6.3\mvn-resp\org\springframework\spring-context\5.3.7\spring-context-5.3.7.jar;D:\apache-maven-3.6.3\mvn-resp\org\springframework\spring-expression\5.3.7\spring-expression-5.3.7.jar;D:\apache-maven-3.6.3\mvn-resp\org\springframework\boot\spring-boot-starter-test\2.5.0\spring-boot-starter-test-2.5.0.jar;D:\apache-maven-3.6.3\mvn-resp\org\springframework\boot\spring-boot-test\2.5.0\spring-boot-test-2.5.0.jar;D:\apache-maven-3.6.3\mvn-resp\org\springframework\boot\spring-boot-test-autoconfigure\2.5.0\spring-boot-test-autoconfigure-2.5.0.jar;D:\apache-maven-3.6.3\mvn-resp\com\jayway\jsonpath\json-path\2.5.0\json-path-2.5.0.jar;D:\apache-maven-3.6.3\mvn-resp\net\minidev\json-smart\2.4.7\json-smart-2.4.7.jar;D:\apache-maven-3.6.3\mvn-resp\net\minidev\accessors-smart\2.4.7\accessors-smart-2.4.7.jar;D:\apache-maven-3.6.3\mvn-resp\org\ow2\asm\asm\9.1\asm-9.1.jar;D:\apache-maven-3.6.3\mvn-resp\org\slf4j\slf4j-api\1.7.30\slf4j-api-1.7.30.jar;D:\apache-maven-3.6.3\mvn-resp\jakarta\xml\bind\jakarta.xml.bind-api\2.3.3\jakarta.xml.bind-api-2.3.3.jar;D:\apache-maven-3.6.3\mvn-resp\jakarta\activation\jakarta.activation-api\1.2.2\jakarta.activation-api-1.2.2.jar;D:\apache-maven-3.6.3\mvn-resp\org\assertj\assertj-core\3.19.0\assertj-core-3.19.0.jar;D:\apache-maven-3.6.3\mvn-resp\org\hamcrest\hamcrest\2.2\hamcrest-2.2.jar;D:\apache-maven-3.6.3\mvn-resp\org\junit\jupiter\junit-jupiter\5.7.2\junit-jupiter-5.7.2.jar;D:\apache-maven-3.6.3\mvn-resp\org\junit\jupiter\junit-jupiter-api\5.7.2\junit-jupiter-api-5.7.2.jar;D:\apache-maven-3.6.3\mvn-resp\org\apiguardian\apiguardian-api\1.1.0\apiguardian-api-1.1.0.jar;D:\apache-maven-3.6.3\mvn-resp\org\opentest4j\opentest4j\1.2.0\opentest4j-1.2.0.jar;D:\apache-maven-3.6.3\mvn-resp\org\junit\platform\junit-platform-commons\1.7.2\junit-platform-commons-1.7.2.jar;D:\apache-maven-3.6.3\mvn-resp\org\junit\jupiter\junit-jupiter-params\5.7.2\junit-jupiter-params-5.7.2.jar;D:\apache-maven-3.6.3\mvn-resp\org\junit\jupiter\junit-jupiter-engine\5.7.2\junit-jupiter-engine-5.7.2.jar;D:\apache-maven-3.6.3\mvn-resp\org\junit\platform\junit-platform-engine\1.7.2\junit-platform-engine-1.7.2.jar;D:\apache-maven-3.6.3\mvn-resp\org\mockito\mockito-core\3.9.0\mockito-core-3.9.0.jar;D:\apache-maven-3.6.3\mvn-resp\net\bytebuddy\byte-buddy\1.10.22\byte-buddy-1.10.22.jar;D:\apache-maven-3.6.3\mvn-resp\net\bytebuddy\byte-buddy-agent\1.10.22\byte-buddy-agent-1.10.22.jar;D:\apache-maven-3.6.3\mvn-resp\org\objenesis\objenesis\3.2\objenesis-3.2.jar;D:\apache-maven-3.6.3\mvn-resp\org\mockito\mockito-junit-jupiter\3.9.0\mockito-junit-jupiter-3.9.0.jar;D:\apache-maven-3.6.3\mvn-resp\org\skyscreamer\jsonassert\1.5.0\jsonassert-1.5.0.jar;D:\apache-maven-3.6.3\mvn-resp\com\vaadin\external\google\android-json\0.0.20131108.vaadin1\android-json-0.0.20131108.vaadin1.jar;D:\apache-maven-3.6.3\mvn-resp\org\springframework\spring-core\5.3.7\spring-core-5.3.7.jar;D:\apache-maven-3.6.3\mvn-resp\org\springframework\spring-jcl\5.3.7\spring-jcl-5.3.7.jar;D:\apache-maven-3.6.3\mvn-resp\org\springframework\spring-test\5.3.7\spring-test-5.3.7.jar;D:\apache-maven-3.6.3\mvn-resp\org\xmlunit\xmlunit-core\2.8.2\xmlunit-core-2.8.2.jar;"/>
    <property name="java.vm.vendor" value="Amazon.com Inc."/>
    <property name="sun.arch.data.model" value="64"/>
    <property name="user.variant" value=""/>
    <property name="java.vendor.url" value="https://aws.amazon.com/corretto/"/>
    <property name="user.timezone" value="Asia/Shanghai"/>
    <property name="java.vm.specification.version" value="1.8"/>
    <property name="os.name" value="Windows 10"/>
    <property name="user.country" value="CN"/>
    <property name="sun.java.launcher" value="SUN_STANDARD"/>
    <property name="sun.boot.library.path" value="C:\Users\15624\.jdks\corretto-1.8.0_342\jre\bin"/>
    <property name="sun.java.command" value="C:\Users\15624\AppData\Local\Temp\surefire3601010081982360166\surefirebooter1411187087987312868.jar C:\Users\15624\AppData\Local\Temp\surefire3601010081982360166 2023-01-22T14-38-43_571-jvmRun1 surefire4059207285280707059tmp surefire_02826031827030120082tmp"/>
    <property name="surefire.test.class.path" value="D:\code\Spring\day07\springboot_04_profile\target\test-classes;D:\code\Spring\day07\springboot_04_profile\target\classes;D:\apache-maven-3.6.3\mvn-resp\org\springframework\boot\spring-boot-starter-web\2.5.0\spring-boot-starter-web-2.5.0.jar;D:\apache-maven-3.6.3\mvn-resp\org\springframework\boot\spring-boot-starter\2.5.0\spring-boot-starter-2.5.0.jar;D:\apache-maven-3.6.3\mvn-resp\org\springframework\boot\spring-boot\2.5.0\spring-boot-2.5.0.jar;D:\apache-maven-3.6.3\mvn-resp\org\springframework\boot\spring-boot-autoconfigure\2.5.0\spring-boot-autoconfigure-2.5.0.jar;D:\apache-maven-3.6.3\mvn-resp\org\springframework\boot\spring-boot-starter-logging\2.5.0\spring-boot-starter-logging-2.5.0.jar;D:\apache-maven-3.6.3\mvn-resp\ch\qos\logback\logback-classic\1.2.3\logback-classic-1.2.3.jar;D:\apache-maven-3.6.3\mvn-resp\ch\qos\logback\logback-core\1.2.3\logback-core-1.2.3.jar;D:\apache-maven-3.6.3\mvn-resp\org\apache\logging\log4j\log4j-to-slf4j\2.14.1\log4j-to-slf4j-2.14.1.jar;D:\apache-maven-3.6.3\mvn-resp\org\apache\logging\log4j\log4j-api\2.14.1\log4j-api-2.14.1.jar;D:\apache-maven-3.6.3\mvn-resp\org\slf4j\jul-to-slf4j\1.7.30\jul-to-slf4j-1.7.30.jar;D:\apache-maven-3.6.3\mvn-resp\jakarta\annotation\jakarta.annotation-api\1.3.5\jakarta.annotation-api-1.3.5.jar;D:\apache-maven-3.6.3\mvn-resp\org\yaml\snakeyaml\1.28\snakeyaml-1.28.jar;D:\apache-maven-3.6.3\mvn-resp\org\springframework\boot\spring-boot-starter-json\2.5.0\spring-boot-starter-json-2.5.0.jar;D:\apache-maven-3.6.3\mvn-resp\com\fasterxml\jackson\core\jackson-databind\2.12.3\jackson-databind-2.12.3.jar;D:\apache-maven-3.6.3\mvn-resp\com\fasterxml\jackson\core\jackson-annotations\2.12.3\jackson-annotations-2.12.3.jar;D:\apache-maven-3.6.3\mvn-resp\com\fasterxml\jackson\core\jackson-core\2.12.3\jackson-core-2.12.3.jar;D:\apache-maven-3.6.3\mvn-resp\com\fasterxml\jackson\datatype\jackson-datatype-jdk8\2.12.3\jackson-datatype-jdk8-2.12.3.jar;D:\apache-maven-3.6.3\mvn-resp\com\fasterxml\jackson\datatype\jackson-datatype-jsr310\2.12.3\jackson-datatype-jsr310-2.12.3.jar;D:\apache-maven-3.6.3\mvn-resp\com\fasterxml\jackson\module\jackson-module-parameter-names\2.12.3\jackson-module-parameter-names-2.12.3.jar;D:\apache-maven-3.6.3\mvn-resp\org\springframework\boot\spring-boot-starter-tomcat\2.5.0\spring-boot-starter-tomcat-2.5.0.jar;D:\apache-maven-3.6.3\mvn-resp\org\apache\tomcat\embed\tomcat-embed-core\9.0.46\tomcat-embed-core-9.0.46.jar;D:\apache-maven-3.6.3\mvn-resp\org\apache\tomcat\embed\tomcat-embed-el\9.0.46\tomcat-embed-el-9.0.46.jar;D:\apache-maven-3.6.3\mvn-resp\org\apache\tomcat\embed\tomcat-embed-websocket\9.0.46\tomcat-embed-websocket-9.0.46.jar;D:\apache-maven-3.6.3\mvn-resp\org\springframework\spring-web\5.3.7\spring-web-5.3.7.jar;D:\apache-maven-3.6.3\mvn-resp\org\springframework\spring-beans\5.3.7\spring-beans-5.3.7.jar;D:\apache-maven-3.6.3\mvn-resp\org\springframework\spring-webmvc\5.3.7\spring-webmvc-5.3.7.jar;D:\apache-maven-3.6.3\mvn-resp\org\springframework\spring-aop\5.3.7\spring-aop-5.3.7.jar;D:\apache-maven-3.6.3\mvn-resp\org\springframework\spring-context\5.3.7\spring-context-5.3.7.jar;D:\apache-maven-3.6.3\mvn-resp\org\springframework\spring-expression\5.3.7\spring-expression-5.3.7.jar;D:\apache-maven-3.6.3\mvn-resp\org\springframework\boot\spring-boot-starter-test\2.5.0\spring-boot-starter-test-2.5.0.jar;D:\apache-maven-3.6.3\mvn-resp\org\springframework\boot\spring-boot-test\2.5.0\spring-boot-test-2.5.0.jar;D:\apache-maven-3.6.3\mvn-resp\org\springframework\boot\spring-boot-test-autoconfigure\2.5.0\spring-boot-test-autoconfigure-2.5.0.jar;D:\apache-maven-3.6.3\mvn-resp\com\jayway\jsonpath\json-path\2.5.0\json-path-2.5.0.jar;D:\apache-maven-3.6.3\mvn-resp\net\minidev\json-smart\2.4.7\json-smart-2.4.7.jar;D:\apache-maven-3.6.3\mvn-resp\net\minidev\accessors-smart\2.4.7\accessors-smart-2.4.7.jar;D:\apache-maven-3.6.3\mvn-resp\org\ow2\asm\asm\9.1\asm-9.1.jar;D:\apache-maven-3.6.3\mvn-resp\org\slf4j\slf4j-api\1.7.30\slf4j-api-1.7.30.jar;D:\apache-maven-3.6.3\mvn-resp\jakarta\xml\bind\jakarta.xml.bind-api\2.3.3\jakarta.xml.bind-api-2.3.3.jar;D:\apache-maven-3.6.3\mvn-resp\jakarta\activation\jakarta.activation-api\1.2.2\jakarta.activation-api-1.2.2.jar;D:\apache-maven-3.6.3\mvn-resp\org\assertj\assertj-core\3.19.0\assertj-core-3.19.0.jar;D:\apache-maven-3.6.3\mvn-resp\org\hamcrest\hamcrest\2.2\hamcrest-2.2.jar;D:\apache-maven-3.6.3\mvn-resp\org\junit\jupiter\junit-jupiter\5.7.2\junit-jupiter-5.7.2.jar;D:\apache-maven-3.6.3\mvn-resp\org\junit\jupiter\junit-jupiter-api\5.7.2\junit-jupiter-api-5.7.2.jar;D:\apache-maven-3.6.3\mvn-resp\org\apiguardian\apiguardian-api\1.1.0\apiguardian-api-1.1.0.jar;D:\apache-maven-3.6.3\mvn-resp\org\opentest4j\opentest4j\1.2.0\opentest4j-1.2.0.jar;D:\apache-maven-3.6.3\mvn-resp\org\junit\platform\junit-platform-commons\1.7.2\junit-platform-commons-1.7.2.jar;D:\apache-maven-3.6.3\mvn-resp\org\junit\jupiter\junit-jupiter-params\5.7.2\junit-jupiter-params-5.7.2.jar;D:\apache-maven-3.6.3\mvn-resp\org\junit\jupiter\junit-jupiter-engine\5.7.2\junit-jupiter-engine-5.7.2.jar;D:\apache-maven-3.6.3\mvn-resp\org\junit\platform\junit-platform-engine\1.7.2\junit-platform-engine-1.7.2.jar;D:\apache-maven-3.6.3\mvn-resp\org\mockito\mockito-core\3.9.0\mockito-core-3.9.0.jar;D:\apache-maven-3.6.3\mvn-resp\net\bytebuddy\byte-buddy\1.10.22\byte-buddy-1.10.22.jar;D:\apache-maven-3.6.3\mvn-resp\net\bytebuddy\byte-buddy-agent\1.10.22\byte-buddy-agent-1.10.22.jar;D:\apache-maven-3.6.3\mvn-resp\org\objenesis\objenesis\3.2\objenesis-3.2.jar;D:\apache-maven-3.6.3\mvn-resp\org\mockito\mockito-junit-jupiter\3.9.0\mockito-junit-jupiter-3.9.0.jar;D:\apache-maven-3.6.3\mvn-resp\org\skyscreamer\jsonassert\1.5.0\jsonassert-1.5.0.jar;D:\apache-maven-3.6.3\mvn-resp\com\vaadin\external\google\android-json\0.0.20131108.vaadin1\android-json-0.0.20131108.vaadin1.jar;D:\apache-maven-3.6.3\mvn-resp\org\springframework\spring-core\5.3.7\spring-core-5.3.7.jar;D:\apache-maven-3.6.3\mvn-resp\org\springframework\spring-jcl\5.3.7\spring-jcl-5.3.7.jar;D:\apache-maven-3.6.3\mvn-resp\org\springframework\spring-test\5.3.7\spring-test-5.3.7.jar;D:\apache-maven-3.6.3\mvn-resp\org\xmlunit\xmlunit-core\2.8.2\xmlunit-core-2.8.2.jar;"/>
    <property name="sun.cpu.endian" value="little"/>
    <property name="user.home" value="C:\Users\15624"/>
    <property name="user.language" value="zh"/>
    <property name="java.specification.vendor" value="Oracle Corporation"/>
    <property name="java.home" value="C:\Users\15624\.jdks\corretto-1.8.0_342\jre"/>
    <property name="basedir" value="D:\code\Spring\day07\springboot_04_profile"/>
    <property name="file.separator" value="\"/>
    <property name="line.separator" value="&#10;"/>
    <property name="java.vm.specification.vendor" value="Oracle Corporation"/>
    <property name="java.specification.name" value="Java Platform API Specification"/>
    <property name="java.awt.graphicsenv" value="sun.awt.Win32GraphicsEnvironment"/>
    <property name="surefire.real.class.path" value="C:\Users\15624\AppData\Local\Temp\surefire3601010081982360166\surefirebooter1411187087987312868.jar"/>
    <property name="sun.boot.class.path" value="C:\Users\15624\.jdks\corretto-1.8.0_342\jre\lib\resources.jar;C:\Users\15624\.jdks\corretto-1.8.0_342\jre\lib\rt.jar;C:\Users\15624\.jdks\corretto-1.8.0_342\jre\lib\sunrsasign.jar;C:\Users\15624\.jdks\corretto-1.8.0_342\jre\lib\jsse.jar;C:\Users\15624\.jdks\corretto-1.8.0_342\jre\lib\jce.jar;C:\Users\15624\.jdks\corretto-1.8.0_342\jre\lib\charsets.jar;C:\Users\15624\.jdks\corretto-1.8.0_342\jre\lib\jfr.jar;C:\Users\15624\.jdks\corretto-1.8.0_342\jre\classes"/>
    <property name="user.script" value=""/>
    <property name="sun.management.compiler" value="HotSpot 64-Bit Tiered Compilers"/>
    <property name="java.runtime.version" value="1.8.0_342-b07"/>
    <property name="user.name" value="admin"/>
    <property name="path.separator" value=";"/>
    <property name="os.version" value="10.0"/>
    <property name="java.endorsed.dirs" value="C:\Users\15624\.jdks\corretto-1.8.0_342\jre\lib\endorsed"/>
    <property name="java.runtime.name" value="OpenJDK Runtime Environment"/>
    <property name="file.encoding" value="GBK"/>
    <property name="java.vm.name" value="OpenJDK 64-Bit Server VM"/>
    <property name="localRepository" value="D:\apache-maven-3.6.3\mvn-resp"/>
    <property name="java.vendor.url.bug" value="https://github.com/corretto/corretto-8/issues/"/>
    <property name="java.io.tmpdir" value="C:\Users\15624\AppData\Local\Temp\"/>
    <property name="idea.version" value="2022.2"/>
    <property name="java.version" value="1.8.0_342"/>
    <property name="user.dir" value="D:\code\Spring\day07\springboot_04_profile"/>
    <property name="os.arch" value="amd64"/>
    <property name="java.vm.specification.name" value="Java Virtual Machine Specification"/>
    <property name="java.awt.printerjob" value="sun.awt.windows.WPrinterJob"/>
    <property name="sun.os.patch.level" value=""/>
    <property name="java.library.path" value="C:\Users\15624\.jdks\corretto-1.8.0_342\jre\bin;C:\WINDOWS\Sun\Java\bin;C:\WINDOWS\system32;C:\WINDOWS;C:\Program Files (x86)\Common Files\Oracle\Java\javapath;D:\apache-tomcat-9.0.65\bin;c:\windows\system32;c:\windows;c:\windows\system32\wbem;c:\windows\system32\windowspowershell\v1.0\;c:\windows\system32\openssh\;c:\program files\nvidia corporation\nvidia nvdlisr;c:\windows\system32;c:\windows;c:\windows\system32\wbem;c:\windows\system32\windowspowershell\v1.0\;c:\windows\system32\openssh\;c:\program files\mysql\mysql server 8.0\bin;c:\program files\azure data studio\bin;c:\program files\microsoft sql server\client sdk\odbc\170\tools\binn\;c:\program files (x86)\microsoft sql server\150\tools\binn\;c:\program files\microsoft sql server\150\tools\binn\;c:\program files\microsoft sql server\150\dts\binn\;c:\program files (x86)\microsoft sql server\150\dts\binn\;C:\Program Files (x86)\NVIDIA Corporation\PhysX\Common;D:\Git\cmd;D:\mingw64\bin;D:\mysql-8.0.29-winx64\bin;D:\mysql-8.0.29-winx64\bin;D:\apache-maven-3.6.3\bin;C:\Program Files\Java\jre1.8.0_301\bin;C:\Program Files\Java\jre1.8.0_301\jre\bin;C:\Program Files\Google\Chrome\Application\;D:\SVN\bin;D:\SVN\TortoiseSVN\bin;D:\Nodejs\;D:\Nodejs\node_global;C:\Program Files\MySQL\MySQL Shell 8.0\bin\;D:\Download\VC6.0\Tools\WinNT;D:\Download\VC6.0\MSDev98\Bin;D:\Download\VC6.0\Tools;D:\Download\VC98\bin;C:\Users\15624\AppData\Local\Microsoft\WindowsApps;D:\bandzip\;%IntelliJ IDEA Educational Edition%;%IntelliJ IDEA%;C:\Program Files\Azure Data Studio\bin;D:\Microsoft VS Code\bin;D:\PyCharm 2021.3.2\bin;D:\Fiddler;D:\Nodejs\node_global;;."/>
    <property name="java.vm.info" value="mixed mode"/>
    <property name="java.vendor" value="Amazon.com Inc."/>
    <property name="java.vm.version" value="25.342-b07"/>
    <property name="java.ext.dirs" value="C:\Users\15624\.jdks\corretto-1.8.0_342\jre\lib\ext;C:\WINDOWS\Sun\Java\lib\ext"/>
    <property name="sun.io.unicode.encoding" value="UnicodeLittle"/>
    <property name="java.class.version" value="52.0"/>
  </properties>
  <testcase name="contextLoads" classname="com.itheima.Springboot04ProfileApplicationTests" time="0.163"/>
</testsuite>